<?xml version="1.0" encoding="UTF-8"?>
<!-- Generated by org.testng.reporters.JUnitReportReporter -->
<testsuite hostname="DESKTOP-QRB56CU" failures="0" tests="1" name="paramsANDauthentications.Param" time="2.321" errors="0" timestamp="2025-06-07T15:00:34 EDT" skipped="0">
  <testcase classname="paramsANDauthentications.Param" name="form_aram" time="2.321"/>
  <system-out/>
</testsuite> <!-- paramsANDauthentications.Param -->
