<?xml version="1.0" encoding="UTF-8"?>
<!-- Generated by org.testng.reporters.JUnitReportReporter -->
<testsuite hostname="DESKTOP-QRB56CU" failures="0" tests="1" name="read_Json_Data.Read_JsonData_using_Jackson_Databind" time="2.256" errors="0" timestamp="2025-07-16T01:59:54 EDT" skipped="0">
  <testcase classname="read_Json_Data.Read_JsonData_using_Jackson_Databind" name="test" time="2.256"/>
  <system-out/>
</testsuite> <!-- read_Json_Data.Read_JsonData_using_Jackson_Databind -->
