<?xml version="1.0" encoding="UTF-8"?>
<!-- Generated by org.testng.reporters.JUnitReportReporter -->
<testsuite hostname="DESKTOP-QRB56CU" failures="0" tests="1" name="postAPIswagger.PostNewPetTESTwithoutPOJO" time="2.667" errors="0" timestamp="2025-06-06T14:34:24 EDT" skipped="0">
  <testcase classname="postAPIswagger.PostNewPetTESTwithoutPOJO" name="regularApproach" time="2.667"/>
  <system-out/>
</testsuite> <!-- postAPIswagger.PostNewPetTESTwithoutPOJO -->
